0 info it worked if it ends with ok
1 verbose cli [ 'C:\\Program Files\\nodejs\\node.exe',
1 verbose cli   'C:\\Users\\Anna M\\AppData\\Roaming\\npm\\node_modules\\npm\\bin\\npm-cli.js',
1 verbose cli   'run',
1 verbose cli   'deploy' ]
2 info using npm@3.8.9
3 info using node@v4.4.4
4 verbose run-script [ 'predeploy', 'deploy', 'postdeploy' ]
5 info lifecycle kanban_app@1.0.0~predeploy: kanban_app@1.0.0
6 silly lifecycle kanban_app@1.0.0~predeploy: no script for predeploy, continuing
7 info lifecycle kanban_app@1.0.0~deploy: kanban_app@1.0.0
8 verbose lifecycle kanban_app@1.0.0~deploy: unsafe-perm in lifecycle true
9 verbose lifecycle kanban_app@1.0.0~deploy: PATH: C:\Users\Anna M\AppData\Roaming\npm\node_modules\npm\bin\node-gyp-bin;C:\Users\Anna M\Desktop\kanban\kanban_app\node_modules\.bin;C:\Program Files\nodejs;C:\Users\Anna M\AppData\Roaming\npm;C:\Program Files\nodejs\;C:\Program Files (x86)\Intel\iCLS Client\;C:\Program Files\Intel\iCLS Client\;C:\WINDOWS\system32;C:\WINDOWS;C:\WINDOWS\System32\Wbem;C:\WINDOWS\System32\WindowsPowerShell\v1.0\;C:\Program Files (x86)\EgisTec MyWinLocker\x64;C:\Program Files (x86)\EgisTec MyWinLocker\;C:\Program Files (x86)\Intel\OpenCL SDK\2.0\bin\x86;C:\Program Files (x86)\Intel\OpenCL SDK\2.0\bin\x64;C:\Program Files\Intel\Intel(R) Management Engine Components\DAL;C:\Program Files\Intel\Intel(R) Management Engine Components\IPT;C:\Program Files (x86)\Intel\Intel(R) Management Engine Components\DAL;C:\Program Files (x86)\Intel\Intel(R) Management Engine Components\IPT;C:\Program Files\Condusiv Technologies\ExpressCache\;C:\Program Files (x86)\Heroku\bin;C:\Program Files (x86)\git\cmd;C:\Program Files (x86)\Skype\Phone\;C:\WINDOWS\system32\config\systemprofile\.dnx\bin;C:\Program Files\Microsoft DNX\Dnvm\;C:\Program Files (x86)\Brackets\command;C:\Program Files\Git\cmd;C:\Program Files\nodejs\;C:\Program Files (x86)\Git\cmd;C:\RailsInstaller\Ruby2.1.0\bin;C:\RailsInstaller\Git\cmd;C:\RailsInstaller\Ruby1.9.3\bin;C:\Users\Anna M\AppData\Roaming\npm
10 verbose lifecycle kanban_app@1.0.0~deploy: CWD: C:\Users\Anna M\Desktop\kanban\kanban_app
11 silly lifecycle kanban_app@1.0.0~deploy: Args: [ '/d /s /c', 'gh-pages -d build' ]
12 silly lifecycle kanban_app@1.0.0~deploy: Returned: code: 1  signal: null
13 info lifecycle kanban_app@1.0.0~deploy: Failed to exec deploy script
14 verbose stack Error: kanban_app@1.0.0 deploy: `gh-pages -d build`
14 verbose stack Exit status 1
14 verbose stack     at EventEmitter.<anonymous> (C:\Users\Anna M\AppData\Roaming\npm\node_modules\npm\lib\utils\lifecycle.js:245:16)
14 verbose stack     at emitTwo (events.js:87:13)
14 verbose stack     at EventEmitter.emit (events.js:172:7)
14 verbose stack     at ChildProcess.<anonymous> (C:\Users\Anna M\AppData\Roaming\npm\node_modules\npm\lib\utils\spawn.js:24:14)
14 verbose stack     at emitTwo (events.js:87:13)
14 verbose stack     at ChildProcess.emit (events.js:172:7)
14 verbose stack     at maybeClose (internal/child_process.js:827:16)
14 verbose stack     at Process.ChildProcess._handle.onexit (internal/child_process.js:211:5)
15 verbose pkgid kanban_app@1.0.0
16 verbose cwd C:\Users\Anna M\Desktop\kanban\kanban_app
17 error Windows_NT 10.0.10586
18 error argv "C:\\Program Files\\nodejs\\node.exe" "C:\\Users\\Anna M\\AppData\\Roaming\\npm\\node_modules\\npm\\bin\\npm-cli.js" "run" "deploy"
19 error node v4.4.4
20 error npm  v3.8.9
21 error code ELIFECYCLE
22 error kanban_app@1.0.0 deploy: `gh-pages -d build`
22 error Exit status 1
23 error Failed at the kanban_app@1.0.0 deploy script 'gh-pages -d build'.
23 error Make sure you have the latest version of node.js and npm installed.
23 error If you do, this is most likely a problem with the kanban_app package,
23 error not with npm itself.
23 error Tell the author that this fails on your system:
23 error     gh-pages -d build
23 error You can get information on how to open an issue for this project with:
23 error     npm bugs kanban_app
23 error Or if that isn't available, you can get their info via:
23 error     npm owner ls kanban_app
23 error There is likely additional logging output above.
24 verbose exit [ 1, true ]
